<?xml version="1.0" encoding="UTF-8"?>
<testng-results ignored="0" total="4" passed="4" failed="0" skipped="0">
  <reporter-output>
  </reporter-output>
  <suite started-at="2021-01-07T04:40:00 EST" name="Default suite" finished-at="2021-01-07T04:40:44 EST" duration-ms="44161">
    <groups>
    </groups>
    <test started-at="2021-01-07T04:40:00 EST" name="Default test" finished-at="2021-01-07T04:40:44 EST" duration-ms="44161">
      <class name="baseTest.LoginTest">
        <test-method is-config="true" signature="loginsetup()[pri:0, instance:baseTest.LoginTest@51e5fc98]" started-at="2021-01-07T04:40:00 EST" name="loginsetup" finished-at="2021-01-07T04:40:10 EST" duration-ms="10339" status="PASS">
          <reporter-output>
          </reporter-output>
        </test-method> <!-- loginsetup -->
        <test-method signature="verifylogoTest()[pri:1, instance:baseTest.LoginTest@51e5fc98]" started-at="2021-01-07T04:40:10 EST" name="verifylogoTest" finished-at="2021-01-07T04:40:11 EST" duration-ms="138" status="PASS">
          <reporter-output>
          </reporter-output>
        </test-method> <!-- verifylogoTest -->
        <test-method is-config="true" signature="quit()[pri:0, instance:baseTest.LoginTest@51e5fc98]" started-at="2021-01-07T04:40:11 EST" name="quit" finished-at="2021-01-07T04:40:12 EST" duration-ms="904" status="PASS">
          <reporter-output>
          </reporter-output>
        </test-method> <!-- quit -->
        <test-method is-config="true" signature="loginsetup()[pri:0, instance:baseTest.LoginTest@51e5fc98]" started-at="2021-01-07T04:40:12 EST" name="loginsetup" finished-at="2021-01-07T04:40:22 EST" duration-ms="10505" status="PASS">
          <reporter-output>
          </reporter-output>
        </test-method> <!-- loginsetup -->
        <test-method signature="title()[pri:2, instance:baseTest.LoginTest@51e5fc98]" started-at="2021-01-07T04:40:22 EST" name="title" finished-at="2021-01-07T04:40:22 EST" duration-ms="8" status="PASS">
          <reporter-output>
          </reporter-output>
        </test-method> <!-- title -->
        <test-method is-config="true" signature="quit()[pri:0, instance:baseTest.LoginTest@51e5fc98]" started-at="2021-01-07T04:40:22 EST" name="quit" finished-at="2021-01-07T04:40:23 EST" duration-ms="884" status="PASS">
          <reporter-output>
          </reporter-output>
        </test-method> <!-- quit -->
        <test-method is-config="true" signature="loginsetup()[pri:0, instance:baseTest.LoginTest@51e5fc98]" started-at="2021-01-07T04:40:23 EST" name="loginsetup" finished-at="2021-01-07T04:40:32 EST" duration-ms="9039" status="PASS">
          <reporter-output>
          </reporter-output>
        </test-method> <!-- loginsetup -->
        <test-method signature="cetagory()[pri:3, instance:baseTest.LoginTest@51e5fc98]" started-at="2021-01-07T04:40:32 EST" name="cetagory" finished-at="2021-01-07T04:40:32 EST" duration-ms="60" status="PASS">
          <reporter-output>
          </reporter-output>
        </test-method> <!-- cetagory -->
        <test-method is-config="true" signature="quit()[pri:0, instance:baseTest.LoginTest@51e5fc98]" started-at="2021-01-07T04:40:32 EST" name="quit" finished-at="2021-01-07T04:40:33 EST" duration-ms="868" status="PASS">
          <reporter-output>
          </reporter-output>
        </test-method> <!-- quit -->
        <test-method is-config="true" signature="loginsetup()[pri:0, instance:baseTest.LoginTest@51e5fc98]" started-at="2021-01-07T04:40:33 EST" name="loginsetup" finished-at="2021-01-07T04:40:43 EST" duration-ms="9951" status="PASS">
          <reporter-output>
          </reporter-output>
        </test-method> <!-- loginsetup -->
        <test-method signature="signin()[pri:4, instance:baseTest.LoginTest@51e5fc98]" started-at="2021-01-07T04:40:43 EST" name="signin" finished-at="2021-01-07T04:40:43 EST" duration-ms="425" status="PASS">
          <reporter-output>
          </reporter-output>
        </test-method> <!-- signin -->
        <test-method is-config="true" signature="quit()[pri:0, instance:baseTest.LoginTest@51e5fc98]" started-at="2021-01-07T04:40:43 EST" name="quit" finished-at="2021-01-07T04:40:44 EST" duration-ms="985" status="PASS">
          <reporter-output>
          </reporter-output>
        </test-method> <!-- quit -->
      </class> <!-- baseTest.LoginTest -->
    </test> <!-- Default test -->
  </suite> <!-- Default suite -->
</testng-results>
