<?xml version="1.0" encoding="UTF-8"?>
<!-- Generated by org.testng.reporters.JUnitXMLReporter -->
<testsuite ignored="0" hostname="salauddin" failures="0" tests="4" name="Default test" time="44.161" errors="0" timestamp="2021-01-07T04:40:44 EST">
  <testcase classname="baseTest.LoginTest" name="verifylogoTest" time="0.138"/>
  <testcase classname="baseTest.LoginTest" name="title" time="0.008"/>
  <testcase classname="baseTest.LoginTest" name="cetagory" time="0.06"/>
  <testcase classname="baseTest.LoginTest" name="signin" time="0.425"/>
</testsuite> <!-- Default test -->
